<?xml version="1.0" encoding="UTF-8"?>
<!-- Generated by org.testng.reporters.JUnitReportReporter -->
<testsuite hostname="LTIN275543" failures="0" tests="2" name="testCases.TC_003" time="0.000" errors="0" timestamp="2024-02-12T12:19:28 IST" skipped="2">
  <testcase classname="testCases.TC_003" name="verifyLoginBtn" time="0.000">
    <skipped/>
  </testcase> <!-- verifyLoginBtn -->
  <testcase classname="testCases.TC_003" name="test_verifyLogin" time="0.000">
    <skipped/>
  </testcase> <!-- test_verifyLogin -->
</testsuite> <!-- testCases.TC_003 -->
