<?xml version="1.0" encoding="UTF-8"?>
<!-- Generated by org.testng.reporters.JUnitReportReporter -->
<testsuite hostname="LTIN275543" failures="0" tests="3" name="testCases.TC_002" time="41.768" errors="0" timestamp="2024-02-13T12:54:59 IST" skipped="0">
  <testcase classname="testCases.TC_002" name="verifyUsedCarsPage" time="33.776"/>
  <testcase classname="testCases.TC_002" name="visibilityChennai" time="0.037"/>
  <testcase classname="testCases.TC_002" name="printPopularModels" time="7.955"/>
</testsuite> <!-- testCases.TC_002 -->
