<?xml version="1.0" encoding="UTF-8"?>
<!-- Generated by org.testng.reporters.JUnitReportReporter -->
<testsuite hostname="LTIN275543" failures="0" tests="6" name="testCases.TC_001" time="36.468" errors="0" timestamp="2024-02-12T11:43:08 IST" skipped="0">
  <testcase classname="testCases.TC_001" name="test_titleValidation" time="2.055"/>
  <testcase classname="testCases.TC_001" name="clickUpcomingBikes" time="13.799"/>
  <testcase classname="testCases.TC_001" name="manufacturerVisbleTest" time="0.407"/>
  <testcase classname="testCases.TC_001" name="setBikeModelHonda" time="3.673"/>
  <testcase classname="testCases.TC_001" name="hondaVisibleTest" time="0.084"/>
  <testcase classname="testCases.TC_001" name="printBikesDetails" time="16.450"/>
</testsuite> <!-- testCases.TC_001 -->
