<?xml version="1.0" encoding="UTF-8"?>
<!-- Generated by org.testng.reporters.JUnitReportReporter -->
<testsuite hostname="LTIN275543" failures="0" tests="2" name="testCases.TC_003" time="8.971" errors="0" timestamp="2024-02-15T11:37:15 IST" skipped="0">
  <testcase classname="testCases.TC_003" name="verifyLoginBtn" time="0.068"/>
  <testcase classname="testCases.TC_003" name="test_verifyLogin" time="8.903"/>
</testsuite> <!-- testCases.TC_003 -->
