<?xml version="1.0" encoding="UTF-8"?>
<!-- Generated by org.testng.reporters.JUnitReportReporter -->
<testsuite hostname="LTIN275543" failures="0" tests="2" name="testCases.TC_002" time="26.912" errors="0" timestamp="2024-02-12T11:43:08 IST" skipped="0">
  <testcase classname="testCases.TC_002" name="verifyUsedCarsPage" time="16.477"/>
  <testcase classname="testCases.TC_002" name="printPopularModels" time="10.435"/>
</testsuite> <!-- testCases.TC_002 -->
