<?xml version="1.0" encoding="UTF-8"?>
<!-- Generated by org.testng.reporters.JUnitReportReporter -->
<testsuite hostname="LTIN275543" failures="0" tests="6" name="testCases.TC_001" time="74.565" errors="0" timestamp="2024-02-13T12:54:59 IST" skipped="0">
  <testcase classname="testCases.TC_001" name="test_titleValidation" time="1.268"/>
  <testcase classname="testCases.TC_001" name="clickUpcomingBikes" time="33.915"/>
  <testcase classname="testCases.TC_001" name="manufacturerVisbleTest" time="0.137"/>
  <testcase classname="testCases.TC_001" name="setBikeModelHonda" time="32.552"/>
  <testcase classname="testCases.TC_001" name="hondaVisibleTest" time="0.055"/>
  <testcase classname="testCases.TC_001" name="printBikesDetails" time="6.638"/>
</testsuite> <!-- testCases.TC_001 -->
