<?xml version="1.0" encoding="UTF-8"?>
<!-- Generated by org.testng.reporters.JUnitReportReporter -->
<testsuite hostname="LTIN275543" failures="0" tests="6" name="testCases.TC_001" time="32.142" errors="0" timestamp="2024-02-15T11:37:15 IST" skipped="0">
  <testcase classname="testCases.TC_001" name="test_titleValidation" time="1.251"/>
  <testcase classname="testCases.TC_001" name="clickUpcomingBikes" time="11.658"/>
  <testcase classname="testCases.TC_001" name="manufacturerVisbleTest" time="0.069"/>
  <testcase classname="testCases.TC_001" name="setBikeModelHonda" time="11.307"/>
  <testcase classname="testCases.TC_001" name="hondaVisibleTest" time="0.101"/>
  <testcase classname="testCases.TC_001" name="printBikesDetails" time="7.756"/>
</testsuite> <!-- testCases.TC_001 -->
