<?xml version="1.0" encoding="UTF-8"?>
<!-- Generated by org.testng.reporters.JUnitReportReporter -->
<testsuite hostname="LTIN275543" failures="0" tests="3" name="testCases.TC_002" time="113.174" errors="0" timestamp="2024-02-15T11:37:15 IST" skipped="0">
  <testcase classname="testCases.TC_002" name="verifyUsedCarsPage" time="72.442"/>
  <testcase classname="testCases.TC_002" name="visibilityChennai" time="0.061"/>
  <testcase classname="testCases.TC_002" name="printPopularModels" time="40.671"/>
</testsuite> <!-- testCases.TC_002 -->
