<?xml version="1.0" encoding="UTF-8"?>
<!-- Generated by org.testng.reporters.JUnitReportReporter -->
<testsuite hostname="LTIN275543" failures="0" tests="2" name="testCases.TC_002" time="0.001" errors="0" timestamp="2024-02-12T12:19:28 IST" skipped="2">
  <testcase classname="testCases.TC_002" name="verifyUsedCarsPage" time="0.001">
    <skipped/>
  </testcase> <!-- verifyUsedCarsPage -->
  <testcase classname="testCases.TC_002" name="printPopularModels" time="0.000">
    <skipped/>
  </testcase> <!-- printPopularModels -->
</testsuite> <!-- testCases.TC_002 -->
