<?xml version="1.0" encoding="UTF-8"?>
<!-- Generated by org.testng.reporters.JUnitReportReporter -->
<testsuite hostname="LTIN275543" failures="0" tests="6" name="testCases.TC_001" time="24.265" errors="0" timestamp="2024-02-12T17:54:48 IST" skipped="0">
  <testcase classname="testCases.TC_001" name="test_titleValidation" time="1.900"/>
  <testcase classname="testCases.TC_001" name="clickUpcomingBikes" time="4.175"/>
  <testcase classname="testCases.TC_001" name="manufacturerVisbleTest" time="0.819"/>
  <testcase classname="testCases.TC_001" name="setBikeModelHonda" time="3.870"/>
  <testcase classname="testCases.TC_001" name="hondaVisibleTest" time="0.103"/>
  <testcase classname="testCases.TC_001" name="printBikesDetails" time="13.398"/>
</testsuite> <!-- testCases.TC_001 -->
