<?xml version="1.0" encoding="UTF-8"?>
<!-- Generated by org.testng.reporters.JUnitReportReporter -->
<testsuite hostname="LTIN275543" failures="0" tests="6" name="testCases.TC_001_getNewHondaBikes" time="22.884" errors="0" timestamp="2024-02-19T17:26:52 IST" skipped="0">
  <testcase classname="testCases.TC_001_getNewHondaBikes" name="test_titleValidation" time="0.638"/>
  <testcase classname="testCases.TC_001_getNewHondaBikes" name="clickUpcomingBikes" time="6.674"/>
  <testcase classname="testCases.TC_001_getNewHondaBikes" name="manufacturerVisbleTest" time="0.068"/>
  <testcase classname="testCases.TC_001_getNewHondaBikes" name="setBikeModelHonda" time="7.831"/>
  <testcase classname="testCases.TC_001_getNewHondaBikes" name="hondaVisibleTest" time="0.059"/>
  <testcase classname="testCases.TC_001_getNewHondaBikes" name="printBikesDetails" time="7.614"/>
</testsuite> <!-- testCases.TC_001_getNewHondaBikes -->
