<?xml version="1.0" encoding="UTF-8"?>
<!-- Generated by org.testng.reporters.JUnitReportReporter -->
<testsuite hostname="LTIN275543" failures="0" tests="2" name="testCases.TC_003_invalidLogin" time="6.092" errors="0" timestamp="2024-02-19T17:26:52 IST" skipped="0">
  <testcase classname="testCases.TC_003_invalidLogin" name="verifyLoginBtn" time="0.063"/>
  <testcase classname="testCases.TC_003_invalidLogin" name="test_verifyLogin" time="6.029"/>
</testsuite> <!-- testCases.TC_003_invalidLogin -->
