<?xml version="1.0" encoding="UTF-8"?>
<!-- Generated by org.testng.reporters.JUnitReportReporter -->
<testsuite hostname="LTIN275543" failures="0" tests="2" name="testCases.TC_003" time="6.609" errors="0" timestamp="2024-02-13T12:59:35 IST" skipped="0">
  <testcase classname="testCases.TC_003" name="verifyLoginBtn" time="0.320"/>
  <testcase classname="testCases.TC_003" name="test_verifyLogin" time="6.289"/>
</testsuite> <!-- testCases.TC_003 -->
