<?xml version="1.0" encoding="UTF-8"?>
<!-- Generated by org.testng.reporters.JUnitReportReporter -->
<testsuite hostname="LTIN275543" failures="0" tests="3" name="testCases.TC_002_usedCarsChennai" time="27.557" errors="0" timestamp="2024-02-19T17:26:52 IST" skipped="0">
  <testcase classname="testCases.TC_002_usedCarsChennai" name="verifyUsedCarsPage" time="17.063"/>
  <testcase classname="testCases.TC_002_usedCarsChennai" name="visibilityChennai" time="0.045"/>
  <testcase classname="testCases.TC_002_usedCarsChennai" name="printPopularModels" time="10.449"/>
</testsuite> <!-- testCases.TC_002_usedCarsChennai -->
