<?xml version="1.0" encoding="UTF-8"?>
<!-- Generated by org.testng.reporters.JUnitReportReporter -->
<testsuite hostname="LTIN275543" failures="0" tests="2" name="testCases.TC_003" time="9.034" errors="0" timestamp="2024-02-12T12:21:54 IST" skipped="0">
  <testcase classname="testCases.TC_003" name="verifyLoginBtn" time="0.315"/>
  <testcase classname="testCases.TC_003" name="test_verifyLogin" time="8.719"/>
</testsuite> <!-- testCases.TC_003 -->
