<?xml version="1.0" encoding="UTF-8"?>
<!-- Generated by org.testng.reporters.JUnitReportReporter -->
<testsuite hostname="LTIN275543" failures="0" tests="2" name="testCases.TC_002" time="21.383" errors="0" timestamp="2024-02-12T12:21:54 IST" skipped="0">
  <testcase classname="testCases.TC_002" name="verifyUsedCarsPage" time="13.517"/>
  <testcase classname="testCases.TC_002" name="printPopularModels" time="7.866"/>
</testsuite> <!-- testCases.TC_002 -->
