<?xml version="1.0" encoding="UTF-8"?>
<!-- Generated by org.testng.reporters.JUnitReportReporter -->
<testsuite hostname="LTIN275543" failures="0" tests="6" name="testCases.TC_001" time="21.653" errors="0" timestamp="2024-02-12T12:21:54 IST" skipped="0">
  <testcase classname="testCases.TC_001" name="test_titleValidation" time="0.754"/>
  <testcase classname="testCases.TC_001" name="clickUpcomingBikes" time="2.834"/>
  <testcase classname="testCases.TC_001" name="manufacturerVisbleTest" time="0.251"/>
  <testcase classname="testCases.TC_001" name="setBikeModelHonda" time="7.757"/>
  <testcase classname="testCases.TC_001" name="hondaVisibleTest" time="0.051"/>
  <testcase classname="testCases.TC_001" name="printBikesDetails" time="10.006"/>
</testsuite> <!-- testCases.TC_001 -->
